<?xml version="1.0" encoding="UTF-8"?>
<!-- Generated by org.testng.reporters.JUnitReportReporter -->
<testsuite hostname="Sandeep" name="pom.Stale" tests="1" failures="0" timestamp="8 Dec 2021 08:13:19 GMT" time="11.814" errors="0">
  <testcase name="demo" time="11.814" classname="pom.Stale"/>
</testsuite> <!-- pom.Stale -->
