<?xml version="1.0" encoding="UTF-8"?>
<!-- Generated by org.testng.reporters.JUnitReportReporter -->
<testsuite hostname="Sandeep" name="qsp.TestSimple" tests="1" failures="0" timestamp="4 Dec 2021 09:04:09 GMT" time="0.001" errors="0">
  <testcase name="demo" time="0.001" classname="qsp.TestSimple"/>
</testsuite> <!-- qsp.TestSimple -->
