<?xml version="1.0" encoding="UTF-8"?>
<!-- Generated by org.testng.reporters.JUnitReportReporter -->
<testsuite hostname="Sandeep" name="pom.TestScript" tests="1" failures="0" timestamp="8 Dec 2021 08:10:55 GMT" time="17.922" errors="0">
  <testcase name="test" time="17.922" classname="pom.TestScript"/>
</testsuite> <!-- pom.TestScript -->
