<?xml version="1.0" encoding="UTF-8"?>
<!-- Generated by org.testng.reporters.JUnitReportReporter -->
<testsuite hostname="Sandeep" name="testng.TestClass1" tests="1" failures="0" timestamp="6 Dec 2021 08:17:51 GMT" time="16.882" errors="0">
  <testcase name="test" time="16.882" classname="testng.TestClass1"/>
</testsuite> <!-- testng.TestClass1 -->
