<?xml version="1.0" encoding="UTF-8"?>
<!-- Generated by org.testng.reporters.JUnitReportReporter -->
<testsuite hostname="Sandeep" name="testng.TestSimple" tests="3" failures="0" timestamp="6 Dec 2021 09:47:19 GMT" time="0.009" errors="0">
  <testcase name="demo" time="0.009" classname="testng.TestSimple"/>
  <testcase name="simp" time="0.000" classname="testng.TestSimple"/>
  <testcase name="sample" time="0.000" classname="testng.TestSimple"/>
</testsuite> <!-- testng.TestSimple -->
