<?xml version="1.0" encoding="UTF-8"?>
<!-- Generated by org.testng.reporters.JUnitReportReporter -->
<testsuite hostname="Sandeep" name="pom.Data1" tests="1" failures="0" timestamp="18 Dec 2021 06:54:40 GMT" time="23.448" errors="0">
  <testcase name="test" time="23.448" classname="pom.Data1"/>
</testsuite> <!-- pom.Data1 -->
