<?xml version="1.0" encoding="UTF-8"?>
<!-- Generated by org.testng.reporters.JUnitReportReporter -->
<testsuite hostname="Sandeep" name="pom.TestClass" tests="1" failures="0" timestamp="24 Dec 2021 13:24:47 GMT" time="27.974" errors="0">
  <testcase name="test" time="27.974" classname="pom.TestClass"/>
</testsuite> <!-- pom.TestClass -->
