<?xml version="1.0" encoding="UTF-8"?>
<!-- Generated by org.testng.reporters.JUnitReportReporter -->
<testsuite hostname="Sandeep" name="testng.Sample" tests="2" failures="0" timestamp="21 Dec 2021 13:17:31 GMT" time="0.011" errors="0">
  <testcase name="test1" time="0.000" classname="testng.Sample"/>
  <testcase name="test" time="0.011" classname="testng.Sample"/>
</testsuite> <!-- testng.Sample -->
